-------------------------------------------------------------------------------
Test set: org.example.testRunner.Runners
-------------------------------------------------------------------------------
Tests run: 19, Failures: 3, Errors: 0, Skipped: 0, Time elapsed: 384.589 s <<< FAILURE! - in org.example.testRunner.Runners
org.example.testRunner.Runners.runScenario  Time elapsed: 11.459 s  <<< FAILURE!
java.lang.AssertionError: 
The following asserts failed:
	expected [https://demo.nopcommerce.com/nokia-lumia-1020] but found [https://demo.nopcommerce.com/]

org.example.testRunner.Runners.runScenario  Time elapsed: 19.018 s  <<< FAILURE!
java.lang.AssertionError: 
The following asserts failed:
	expected [https://demo.nopcommerce.com/iphone-6] but found [https://demo.nopcommerce.com/]

org.example.testRunner.Runners.runScenario  Time elapsed: 16.979 s  <<< FAILURE!
java.lang.AssertionError: expected [https://demo.nopcommerce.com/new-online-store-is-open] but found [https://demo.nopcommerce.com/news/rss/1]

