<?xml version="1.0" encoding="UTF-8"?>
<testng-results skipped="0" failed="0" ignored="0" total="4" passed="4">
  <reporter-output>
  </reporter-output>
  <suite name="Surefire suite" duration-ms="69726" started-at="2022-08-07T17:50:27 EET" finished-at="2022-08-07T17:51:37 EET">
    <groups>
      <group name="cucumber">
        <method signature="AbstractTestNGCucumberTests.runScenario(io.cucumber.testng.PickleWrapper,io.cucumber.testng.FeatureWrapper)[pri:0, instance:org.example.testRunner.Runners@36b4cef0]" name="runScenario" class="io.cucumber.testng.AbstractTestNGCucumberTests"/>
      </group> <!-- cucumber -->
    </groups>
    <test name="Surefire test" duration-ms="69726" started-at="2022-08-07T17:50:27 EET" finished-at="2022-08-07T17:51:37 EET">
      <class name="org.example.testRunner.Runners">
        <test-method status="PASS" signature="setUpClass(org.testng.ITestContext)[pri:0, instance:org.example.testRunner.Runners@36b4cef0]" name="setUpClass" is-config="true" duration-ms="1416" started-at="2022-08-07T17:50:27 EET" finished-at="2022-08-07T17:50:29 EET">
          <params>
            <param index="0">
              <value>
                <![CDATA[org.testng.TestRunner@6e33fcae]]>
              </value>
            </param>
          </params>
          <reporter-output>
          </reporter-output>
        </test-method> <!-- setUpClass -->
        <test-method status="PASS" signature="runScenario(io.cucumber.testng.PickleWrapper,io.cucumber.testng.FeatureWrapper)[pri:0, instance:org.example.testRunner.Runners@36b4cef0]" name="runScenario" duration-ms="22184" started-at="2022-08-07T17:50:29 EET" description="Runs Cucumber Scenarios" data-provider="scenarios" finished-at="2022-08-07T17:50:51 EET">
          <params>
            <param index="0">
              <value>
                <![CDATA["guest user could register with valid data successfully"]]>
              </value>
            </param>
            <param index="1">
              <value>
                <![CDATA["F01_Register | users could register with new accounts"]]>
              </value>
            </param>
          </params>
          <reporter-output>
          </reporter-output>
        </test-method> <!-- runScenario -->
        <test-method status="PASS" signature="runScenario(io.cucumber.testng.PickleWrapper,io.cucumber.testng.FeatureWrapper)[pri:0, instance:org.example.testRunner.Runners@36b4cef0]" name="runScenario" duration-ms="15819" started-at="2022-08-07T17:50:51 EET" description="Runs Cucumber Scenarios" data-provider="scenarios" finished-at="2022-08-07T17:51:07 EET">
          <params>
            <param index="0">
              <value>
                <![CDATA["user could login with valid email and password"]]>
              </value>
            </param>
            <param index="1">
              <value>
                <![CDATA["F02_Login | users could use login functionality to use their accounts"]]>
              </value>
            </param>
          </params>
          <reporter-output>
          </reporter-output>
        </test-method> <!-- runScenario -->
        <test-method status="PASS" signature="runScenario(io.cucumber.testng.PickleWrapper,io.cucumber.testng.FeatureWrapper)[pri:0, instance:org.example.testRunner.Runners@36b4cef0]" name="runScenario" duration-ms="14814" started-at="2022-08-07T17:51:07 EET" description="Runs Cucumber Scenarios" data-provider="scenarios" finished-at="2022-08-07T17:51:22 EET">
          <params>
            <param index="0">
              <value>
                <![CDATA["user could login with invalid email and password"]]>
              </value>
            </param>
            <param index="1">
              <value>
                <![CDATA["F02_Login | users could use login functionality to use their accounts"]]>
              </value>
            </param>
          </params>
          <reporter-output>
          </reporter-output>
        </test-method> <!-- runScenario -->
        <test-method status="PASS" signature="runScenario(io.cucumber.testng.PickleWrapper,io.cucumber.testng.FeatureWrapper)[pri:0, instance:org.example.testRunner.Runners@36b4cef0]" name="runScenario" duration-ms="15051" started-at="2022-08-07T17:51:22 EET" description="Runs Cucumber Scenarios" data-provider="scenarios" finished-at="2022-08-07T17:51:37 EET">
          <params>
            <param index="0">
              <value>
                <![CDATA["guest user could change Currencies successfully"]]>
              </value>
            </param>
            <param index="1">
              <value>
                <![CDATA["F03_Currencies | user can change Currencies"]]>
              </value>
            </param>
          </params>
          <reporter-output>
          </reporter-output>
        </test-method> <!-- runScenario -->
        <test-method status="PASS" signature="tearDownClass()[pri:0, instance:org.example.testRunner.Runners@36b4cef0]" name="tearDownClass" is-config="true" duration-ms="372" started-at="2022-08-07T17:51:37 EET" finished-at="2022-08-07T17:51:37 EET">
          <reporter-output>
          </reporter-output>
        </test-method> <!-- tearDownClass -->
      </class> <!-- org.example.testRunner.Runners -->
    </test> <!-- Surefire test -->
  </suite> <!-- Surefire suite -->
</testng-results>
